<?xml version="1.0" encoding="UTF-8"?>
<testsuite name="tests.RunTestTerminal" tests="2" skipped="0" failures="0" errors="0" timestamp="2017-11-14T10:50:33" hostname="DESKTOP-OQ9UNTJ" time="0.003">
  <properties/>
  <testcase name="testTerminalCreation" classname="tests.RunTestTerminal" time="0.001"/>
  <testcase name="testTerminalCreation1" classname="tests.RunTestTerminal" time="0.0"/>
  <system-out><![CDATA[]]></system-out>
  <system-err><![CDATA[]]></system-err>
</testsuite>
