<?xml version="1.0" encoding="UTF-8"?>
<testsuite name="tests.RunTestBill" tests="3" skipped="0" failures="0" errors="0" timestamp="2017-11-14T10:50:33" hostname="DESKTOP-OQ9UNTJ" time="0.017">
  <properties/>
  <testcase name="testBillCreation" classname="tests.RunTestBill" time="0.017"/>
  <testcase name="testBillCreation1" classname="tests.RunTestBill" time="0.0"/>
  <testcase name="testBillCreation2" classname="tests.RunTestBill" time="0.0"/>
  <system-out><![CDATA[]]></system-out>
  <system-err><![CDATA[]]></system-err>
</testsuite>
