<?xml version="1.0" encoding="UTF-8"?>
<testsuite name="tests.TestTermnalController" tests="2" skipped="0" failures="0" errors="0" timestamp="2017-11-17T07:45:57" hostname="DESKTOP-OQ9UNTJ" time="0.001">
  <properties/>
  <testcase name="testCreateBill" classname="tests.TestTermnalController" time="0.0"/>
  <testcase name="testAddProduct" classname="tests.TestTermnalController" time="0.001"/>
  <system-out><![CDATA[]]></system-out>
  <system-err><![CDATA[]]></system-err>
</testsuite>
