<?xml version="1.0" encoding="UTF-8"?>
<testsuite name="tests.RunTestProduct" tests="3" skipped="0" failures="0" errors="0" timestamp="2017-11-14T10:50:33" hostname="DESKTOP-OQ9UNTJ" time="0.003">
  <properties/>
  <testcase name="testProductCreation12" classname="tests.RunTestProduct" time="0.002"/>
  <testcase name="testProductCreation1" classname="tests.RunTestProduct" time="0.0"/>
  <testcase name="testProductCreation" classname="tests.RunTestProduct" time="0.0"/>
  <system-out><![CDATA[]]></system-out>
  <system-err><![CDATA[]]></system-err>
</testsuite>
